Using pre-set license
Built from '2020.3/staging' branch; Version is '2020.3.40f1 (ba48d4efcef1) revision 12208340'; Using compiler version '192528614'; Build Type 'Release'
OS: 'Windows 10  (10.0.19042) 64bit Professional' Language: 'tr' Physical Memory: 8111 MB
BatchMode: 1, IsHumanControllingUs: 0, StartBugReporterOnCrash: 0, Is64bit: 1, IsPro: 0

COMMAND LINE ARGUMENTS:
C:\Program Files\Unity Versions\2020.3.40f1\Editor\Unity.exe
-adb2
-batchMode
-noUpm
-name
AssetImportWorker0
-projectPath
D:/Unity Çalışmalar/Unity Projeler/CrewParty
-logFile
Logs/AssetImportWorker0.log
-srvPort
63044
Successfully changed project path to: D:/Unity Çalışmalar/Unity Projeler/CrewParty
D:/Unity Çalışmalar/Unity Projeler/CrewParty
Using Asset Import Pipeline V2.
Refreshing native plugins compatible for Editor in 4043.31 ms, found 3 plugins.
Preloading 0 native plugins for Editor in 0.00 ms.
Initialize engine version: 2020.3.40f1 (ba48d4efcef1)
[Subsystems] Discovering subsystems at path C:/Program Files/Unity Versions/2020.3.40f1/Editor/Data/Resources/UnitySubsystems
[Subsystems] Discovering subsystems at path D:/Unity Çalışmalar/Unity Projeler/CrewParty/Assets
GfxDevice: creating device client; threaded=0
Direct3D:
    Version:  Direct3D 11.0 [level 11.1]
    Renderer: NVIDIA GeForce GTX 970M (ID=0x13d8)
    Vendor:   
    VRAM:     3030 MB
    Driver:   31.0.15.1748
Shader 'BOXOPHOBIC/Polyverse Skies/Simple': fallback shader 'False' not found
Shader 'BOXOPHOBIC/Polyverse Skies/Standard': fallback shader 'False' not found
Initialize mono
Mono path[0] = 'C:/Program Files/Unity Versions/2020.3.40f1/Editor/Data/Managed'
Mono path[1] = 'C:/Program Files/Unity Versions/2020.3.40f1/Editor/Data/MonoBleedingEdge/lib/mono/unityjit'
Mono config path = 'C:/Program Files/Unity Versions/2020.3.40f1/Editor/Data/MonoBleedingEdge/etc'
Using monoOptions --debugger-agent=transport=dt_socket,embedding=1,server=y,suspend=n,address=127.0.0.1:56472
Begin MonoManager ReloadAssembly
Registering precompiled unity dll's ...
Register platform support module: C:/Program Files/Unity Versions/2020.3.40f1/Editor/Data/PlaybackEngines/WindowsStandaloneSupport/UnityEditor.WindowsStandalone.Extensions.dll
Registered in 0.002937 seconds.
Native extension for WindowsStandalone target not found
Refreshing native plugins compatible for Editor in 796.72 ms, found 3 plugins.
Preloading 0 native plugins for Editor in 0.00 ms.
Mono: successfully reloaded assembly
- Completed reload, in  1.556 seconds
Domain Reload Profiling:
	ReloadAssembly (1557ms)
		BeginReloadAssembly (88ms)
			ExecutionOrderSort (0ms)
			DisableScriptedObjects (0ms)
			BackupInstance (0ms)
			ReleaseScriptingObjects (0ms)
			CreateAndSetChildDomain (1ms)
		EndReloadAssembly (1377ms)
			LoadAssemblies (85ms)
			RebuildTransferFunctionScriptingTraits (0ms)
			SetupTypeCache (188ms)
			ReleaseScriptCaches (0ms)
			RebuildScriptCaches (43ms)
			SetupLoadedEditorAssemblies (991ms)
				LogAssemblyErrors (0ms)
				InitializePlatformSupportModulesInManaged (9ms)
				SetLoadedEditorAssemblies (1ms)
				RefreshPlugins (797ms)
				BeforeProcessingInitializeOnLoad (21ms)
				ProcessInitializeOnLoadAttributes (110ms)
				ProcessInitializeOnLoadMethodAttributes (54ms)
				AfterProcessingInitializeOnLoad (0ms)
				EditorAssembliesLoaded (0ms)
			ExecutionOrderSort2 (0ms)
			AwakeInstancesAfterBackupRestoration (0ms)
Platform modules already initialized, skipping
Registering precompiled user dll's ...
Registered in 0.376872 seconds.
Begin MonoManager ReloadAssembly
Native extension for WindowsStandalone target not found
Refreshing native plugins compatible for Editor in 284.94 ms, found 3 plugins.
Preloading 0 native plugins for Editor in 0.00 ms.
Mono: successfully reloaded assembly
- Completed reload, in  6.658 seconds
Domain Reload Profiling:
	ReloadAssembly (6659ms)
		BeginReloadAssembly (270ms)
			ExecutionOrderSort (0ms)
			DisableScriptedObjects (6ms)
			BackupInstance (0ms)
			ReleaseScriptingObjects (0ms)
			CreateAndSetChildDomain (29ms)
		EndReloadAssembly (6307ms)
			LoadAssemblies (2638ms)
			RebuildTransferFunctionScriptingTraits (0ms)
			SetupTypeCache (400ms)
			ReleaseScriptCaches (1ms)
			RebuildScriptCaches (96ms)
			SetupLoadedEditorAssemblies (2674ms)
				LogAssemblyErrors (0ms)
				InitializePlatformSupportModulesInManaged (4ms)
				SetLoadedEditorAssemblies (1ms)
				RefreshPlugins (285ms)
				BeforeProcessingInitializeOnLoad (123ms)
				ProcessInitializeOnLoadAttributes (1567ms)
				ProcessInitializeOnLoadMethodAttributes (681ms)
				AfterProcessingInitializeOnLoad (12ms)
				EditorAssembliesLoaded (1ms)
			ExecutionOrderSort2 (0ms)
			AwakeInstancesAfterBackupRestoration (1ms)
Platform modules already initialized, skipping
========================================================================
Worker process is ready to serve import requests
Shader 'BOXOPHOBIC/Polyverse Skies/Standard': fallback shader 'False' not found
Shader 'BOXOPHOBIC/Polyverse Skies/Simple': fallback shader 'False' not found
Launched and connected shader compiler UnityShaderCompiler.exe after 0.20 seconds
Refreshing native plugins compatible for Editor in 2.91 ms, found 3 plugins.
Preloading 0 native plugins for Editor in 0.00 ms.
Unloading 2653 Unused Serialized files (Serialized files now loaded: 0)
System memory in use before: 157.1 MB.
System memory in use after: 154.1 MB.

Unloading 105 unused Assets to reduce memory usage. Loaded Objects now: 3139.
Total: 46.364200 ms (FindLiveObjects: 0.524200 ms CreateObjectMapping: 0.312900 ms MarkObjects: 42.241400 ms  DeleteObjects: 3.278600 ms)

AssetImportParameters requested are different than current active one (requested -> active):
  custom:framework-win-MediaFoundation: 216162199b28c13a410421893ffa2e32 -> 
  custom:video-decoder-ogg-theora: a1e56fd34408186e4bbccfd4996cb3dc -> 
  custom:container-muxer-webm: aa71ff27fc2769a1b78a27578f13a17b -> 
  custom:container-demuxer-webm: 4f35f7cbe854078d1ac9338744f61a02 -> 
  custom:container-demuxer-ogg: 62fdf1f143b41e24485cea50d1cbac27 -> 
  custom:video-encoder-webm-vp8: eb34c28f22e8b96e1ab97ce403110664 -> 
  custom:video-codec-MediaFoundation-h265: 746d11721c4dcdbdad8f713fa42b33f4 -> 
  custom:video-decoder-webm-vp8: 9c59270c3fd7afecdb556c50c9e8de78 -> 
  custom:audio-decoder-ogg-vorbis: bf7c407c2cedff20999df2af8eb42d56 -> 
  custom:audio-encoder-webm-vorbis: bf7c407c2cedff20999df2af8eb42d56 -> 
========================================================================
Received Import Request.
  path: Assets/[Game]/Crew Party Assets/Prefabs/Combat/Combat.prefab
  artifactKey: Guid(614f681f5d572cd4b9f032475f90532f) Importer(815301076,1909f56bfc062723c751e8b465ee728b)
Start importing Assets/[Game]/Crew Party Assets/Prefabs/Combat/Combat.prefab using Guid(614f681f5d572cd4b9f032475f90532f) Importer(815301076,1909f56bfc062723c751e8b465ee728b)  -> (artifact id: 'da80f340bce3c09cdc995664dead16fe') in 0.669507 seconds 
========================================================================
Received Import Request.
  Time since last request: 0.001114 seconds.
  path: Assets/[Game]/Crew Party Assets/Prefabs/Test Levels/Test Level.prefab
  artifactKey: Guid(802f5f7d62bfe8f48a4f1a43a42654ea) Importer(815301076,1909f56bfc062723c751e8b465ee728b)
Start importing Assets/[Game]/Crew Party Assets/Prefabs/Test Levels/Test Level.prefab using Guid(802f5f7d62bfe8f48a4f1a43a42654ea) Importer(815301076,1909f56bfc062723c751e8b465ee728b)  -> (artifact id: 'a90e52d5ec44ea18930a31c0e0929ef8') in 2.651049 seconds 
========================================================================
Received Import Request.
  Time since last request: 0.000298 seconds.
  path: Assets/[Game]/Crew Party Assets/Prefabs/Combat/Boss Fight.prefab
  artifactKey: Guid(afd02a1c7de8b2a44ba60af192ebaa13) Importer(815301076,1909f56bfc062723c751e8b465ee728b)
Start importing Assets/[Game]/Crew Party Assets/Prefabs/Combat/Boss Fight.prefab using Guid(afd02a1c7de8b2a44ba60af192ebaa13) Importer(815301076,1909f56bfc062723c751e8b465ee728b)  -> (artifact id: '427d0b86ea030578dc0664e2dc87f565') in 0.440494 seconds 
========================================================================
Received Import Request.
  Time since last request: 0.000344 seconds.
  path: Assets/[Game]/Crew Party Assets/Prefabs/Characters/Boss.prefab
  artifactKey: Guid(aafe8e8ad3c6e724fa6375dcc0f23b99) Importer(815301076,1909f56bfc062723c751e8b465ee728b)
Start importing Assets/[Game]/Crew Party Assets/Prefabs/Characters/Boss.prefab using Guid(aafe8e8ad3c6e724fa6375dcc0f23b99) Importer(815301076,1909f56bfc062723c751e8b465ee728b)  -> (artifact id: '6bffd11b6b6a8f48dbc47d3bd120f39e') in 0.104952 seconds 
========================================================================
Received Import Request.
  Time since last request: 0.000304 seconds.
  path: Assets/[Game]/Crew Party Assets/Prefabs/Test Levels/Fall Test Level.prefab
  artifactKey: Guid(eb6d10e097c87554982f277923947eee) Importer(815301076,1909f56bfc062723c751e8b465ee728b)
Start importing Assets/[Game]/Crew Party Assets/Prefabs/Test Levels/Fall Test Level.prefab using Guid(eb6d10e097c87554982f277923947eee) Importer(815301076,1909f56bfc062723c751e8b465ee728b)  -> (artifact id: 'bf1fcb17edab4db2d38137e38be83456') in 0.923456 seconds 
========================================================================
Received Import Request.
  Time since last request: 0.000344 seconds.
  path: Assets/[Game]/Crew Party Assets/Prefabs/Test Levels/Finish Test Level.prefab
  artifactKey: Guid(e9e622d569cdffd48ba868636cd49061) Importer(815301076,1909f56bfc062723c751e8b465ee728b)
Start importing Assets/[Game]/Crew Party Assets/Prefabs/Test Levels/Finish Test Level.prefab using Guid(e9e622d569cdffd48ba868636cd49061) Importer(815301076,1909f56bfc062723c751e8b465ee728b)  -> (artifact id: 'eff734610c52f9db8319d61e8a99def2') in 0.230062 seconds 
========================================================================
Received Import Request.
  Time since last request: 0.000291 seconds.
  path: Assets/[Game]/Crew Party Assets/Prefabs/Characters/Proxy.prefab
  artifactKey: Guid(6bbbffd25c772434b9c5e06f1f9de390) Importer(815301076,1909f56bfc062723c751e8b465ee728b)
Start importing Assets/[Game]/Crew Party Assets/Prefabs/Characters/Proxy.prefab using Guid(6bbbffd25c772434b9c5e06f1f9de390) Importer(815301076,1909f56bfc062723c751e8b465ee728b)  -> (artifact id: 'acad304cd547f3ac9715f75710fd76ab') in 0.080500 seconds 
========================================================================
Received Import Request.
  Time since last request: 0.000242 seconds.
  path: Assets/[Game]/Crew Party Assets/Prefabs/Characters/Enemy Stickman.prefab
  artifactKey: Guid(1cbb0797503e5f64cad17e5d11f5c281) Importer(815301076,1909f56bfc062723c751e8b465ee728b)
Start importing Assets/[Game]/Crew Party Assets/Prefabs/Characters/Enemy Stickman.prefab using Guid(1cbb0797503e5f64cad17e5d11f5c281) Importer(815301076,1909f56bfc062723c751e8b465ee728b)  -> (artifact id: '22af7676f2858f5947f94018bfc51b55') in 0.137386 seconds 
========================================================================
Received Import Request.
  Time since last request: 0.000637 seconds.
  path: Assets/[Game]/Crew Party Assets/Prefabs/Characters/Proxy Stickman.prefab
  artifactKey: Guid(468c76cfcf58ca44f85d787a34afd1c9) Importer(815301076,1909f56bfc062723c751e8b465ee728b)
Start importing Assets/[Game]/Crew Party Assets/Prefabs/Characters/Proxy Stickman.prefab using Guid(468c76cfcf58ca44f85d787a34afd1c9) Importer(815301076,1909f56bfc062723c751e8b465ee728b)  -> (artifact id: 'fec1a3d9af0afef6228280741e1a0d6e') in 0.112015 seconds 
========================================================================
Received Import Request.
  Time since last request: 0.000315 seconds.
  path: Assets/[Game]/Crew Party Assets/Prefabs/Characters/Stickman Splash.prefab
  artifactKey: Guid(9b43d31a57dd9fd449f9bfc421af9940) Importer(815301076,1909f56bfc062723c751e8b465ee728b)
Start importing Assets/[Game]/Crew Party Assets/Prefabs/Characters/Stickman Splash.prefab using Guid(9b43d31a57dd9fd449f9bfc421af9940) Importer(815301076,1909f56bfc062723c751e8b465ee728b)  -> (artifact id: 'ed20e9f0e30f1c2a6f6d25156c5adca1') in 0.069810 seconds 
========================================================================
Received Import Request.
  Time since last request: 0.000344 seconds.
  path: Assets/[Game]/Crew Party Assets/Prefabs/Test Levels/Test Level 2.prefab
  artifactKey: Guid(39d239a77571d804bbe6ad1de3676225) Importer(815301076,1909f56bfc062723c751e8b465ee728b)
Start importing Assets/[Game]/Crew Party Assets/Prefabs/Test Levels/Test Level 2.prefab using Guid(39d239a77571d804bbe6ad1de3676225) Importer(815301076,1909f56bfc062723c751e8b465ee728b)  -> (artifact id: 'ba68a66d2da320450571392505a4bfb5') in 0.587359 seconds 
========================================================================
Received Import Request.
  Time since last request: 0.000326 seconds.
  path: Assets/[Game]/Crew Party Assets/Prefabs/Test Levels/Vibration Test Level.prefab
  artifactKey: Guid(a53eed12d5d39e7428a662a0ba36422f) Importer(815301076,1909f56bfc062723c751e8b465ee728b)
Start importing Assets/[Game]/Crew Party Assets/Prefabs/Test Levels/Vibration Test Level.prefab using Guid(a53eed12d5d39e7428a662a0ba36422f) Importer(815301076,1909f56bfc062723c751e8b465ee728b)  -> (artifact id: '77fd5065155f9c731e828c1f39c97406') in 0.235530 seconds 
========================================================================
Received Import Request.
  Time since last request: 0.000367 seconds.
  path: Assets/[Game]/Crew Party Assets/Prefabs/Enemy/Enemy Party.prefab
  artifactKey: Guid(94906ffa0eea1604aa2b39d35831f563) Importer(815301076,1909f56bfc062723c751e8b465ee728b)
Start importing Assets/[Game]/Crew Party Assets/Prefabs/Enemy/Enemy Party.prefab using Guid(94906ffa0eea1604aa2b39d35831f563) Importer(815301076,1909f56bfc062723c751e8b465ee728b)  -> (artifact id: '96f0dc1ec4f9ee6a73b736e67257c7d5') in 0.090677 seconds 
========================================================================
Received Import Request.
  Time since last request: 0.000334 seconds.
  path: Assets/[Game]/Crew Party Assets/Prefabs/Test Levels/Boss Fight Test Level.prefab
  artifactKey: Guid(94bd017769a79e149835279117c5ec11) Importer(815301076,1909f56bfc062723c751e8b465ee728b)
Start importing Assets/[Game]/Crew Party Assets/Prefabs/Test Levels/Boss Fight Test Level.prefab using Guid(94bd017769a79e149835279117c5ec11) Importer(815301076,1909f56bfc062723c751e8b465ee728b)  -> (artifact id: '118858224d14ebb113b12ef005a1dcd6') in 0.206739 seconds 
========================================================================
Received Import Request.
  Time since last request: 0.000312 seconds.
  path: Assets/[Game]/Crew Party Assets/Prefabs/Test Levels/Combat Test Level.prefab
  artifactKey: Guid(f2e7a7c3ee555fb48b29de9a1a79bc14) Importer(815301076,1909f56bfc062723c751e8b465ee728b)
Start importing Assets/[Game]/Crew Party Assets/Prefabs/Test Levels/Combat Test Level.prefab using Guid(f2e7a7c3ee555fb48b29de9a1a79bc14) Importer(815301076,1909f56bfc062723c751e8b465ee728b)  -> (artifact id: '37d33c200bc137f77c2a7bebaf9d0c5c') in 0.173760 seconds 
========================================================================
Received Import Request.
  Time since last request: 0.000307 seconds.
  path: Assets/[Game]/Crew Party Assets/Prefabs/Characters/Stickman ragdoll.prefab
  artifactKey: Guid(046aafc69104b2147ab4d8fc4ea2dbfd) Importer(815301076,1909f56bfc062723c751e8b465ee728b)
Start importing Assets/[Game]/Crew Party Assets/Prefabs/Characters/Stickman ragdoll.prefab using Guid(046aafc69104b2147ab4d8fc4ea2dbfd) Importer(815301076,1909f56bfc062723c751e8b465ee728b)  -> (artifact id: 'bd28c1faf2a6fa55049bc9f7e70be572') in 0.066287 seconds 
========================================================================
Received Import Request.
  Time since last request: 0.000309 seconds.
  path: Assets/[Game]/Crew Party Assets/Prefabs/Characters/Enemy Stickman Splash point.prefab
  artifactKey: Guid(d87248349d8d0044b9aa525dcbb32195) Importer(815301076,1909f56bfc062723c751e8b465ee728b)
Start importing Assets/[Game]/Crew Party Assets/Prefabs/Characters/Enemy Stickman Splash point.prefab using Guid(d87248349d8d0044b9aa525dcbb32195) Importer(815301076,1909f56bfc062723c751e8b465ee728b)  -> (artifact id: '6fbd8264db51fc10787cd1c4eb3d5cdc') in 0.054471 seconds 
AssetImportWorkerClient::OnTransportError - code=2 error=End of file
